0 info it worked if it ends with ok
1 verbose cli [ 'D:\\tools\\node\\node.exe',
1 verbose cli   'D:\\tools\\node\\node_modules\\npm\\bin\\npm-cli.js',
1 verbose cli   'start' ]
2 info using npm@3.10.9
3 info using node@v6.9.2
4 verbose run-script [ 'prestart', 'start', 'poststart' ]
5 info lifecycle express@1.0.0~prestart: express@1.0.0
6 silly lifecycle express@1.0.0~prestart: no script for prestart, continuing
7 info lifecycle express@1.0.0~start: express@1.0.0
8 verbose lifecycle express@1.0.0~start: unsafe-perm in lifecycle true
9 verbose lifecycle express@1.0.0~start: PATH: D:\tools\node\node_modules\npm\bin\node-gyp-bin;D:\web\express\node_modules\.bin;C:\ProgramData\Oracle\Java\javapath;C:\WINDOWS\system32;C:\WINDOWS;C:\WINDOWS\System32\Wbem;C:\WINDOWS\System32\WindowsPowerShell\v1.0\;\Program Files (x86)\NVIDIA Corporation\PhysX\Common;C:\WINDOWS\System32\Wbem;C:\WINDOWS\System32\WindowsPowerShell\v1.0\;C:\Program Files\Intel\WiFi\bin\;C:\Program Files\Common Files\Intel\WirelessCommon\;C:\Program Files (x86)\NVIDIA Corporation\PhysX\Common;C:\Program Files (x86)\Git\bin;C:\Program Files (x86)\Git\cmd;C:\Program Files\Java\jdk1.8.0_91;C:\Python27\Scripts;C:\Python27;C:\Program Files\TortoiseGit\bin;C:\Users\whj57\AppData\Local\Android\sdk\platform-tools;C:\WINDOWS\system32\config\systemprofile\.dnx\bin;C:\Program Files\Microsoft DNX\Dnvm\;C:\Program Files (x86)\Windows Kits\8.1\Windows Performance Toolkit\;C:\Program Files\Microsoft SQL Server\130\Tools\Binn\;D:\工具\Git\bin;D:\tools;D:\tools\node\;D:\工具\web开发\yarn\bin;C:\Python27\Scripts;C:\Python27;D:\tools\Ruby23-x64\bin;C:\Users\whj57\AppData\Local\Microsoft\WindowsApps;C:\Program Files\Intel\WiFi\bin\;C:\Program Files\Common Files\Intel\WirelessCommon\;C:\Program Files\Java\jdk1.8.0_101\bin;D:\tools\node_global;C:\Users\whj57\AppData\Local\Android\sdk\platform-tools;C:\Users\whj57\AppData\Local\Android\sdk\platform-tools;C:\Users\whj57\AppData\Roaming\npm;D:\tools\Microsoft VS Code\bin;C:\Users\whj57\AppData\Local\Yarn\.bin
10 verbose lifecycle express@1.0.0~start: CWD: D:\web\express
11 silly lifecycle express@1.0.0~start: Args: [ '/d /s /c', 'node server.js' ]
12 verbose stack Error: kill ENOSYS
12 verbose stack     at exports._errnoException (util.js:1022:11)
12 verbose stack     at process.kill (internal/process.js:172:13)
12 verbose stack     at process.listener (D:\tools\node\node_modules\npm\node_modules\npmlog\node_modules\gauge\node_modules\signal-exit\index.js:86:15)
12 verbose stack     at emitNone (events.js:91:20)
12 verbose stack     at process.emit (events.js:185:7)
12 verbose stack     at processEmit (D:\tools\node\node_modules\npm\node_modules\npmlog\node_modules\gauge\node_modules\signal-exit\index.js:146:32)
12 verbose stack     at processEmit (D:\tools\node\node_modules\npm\node_modules\npm-registry-client\node_modules\npmlog\node_modules\gauge\node_modules\signal-exit\index.js:146:32)
12 verbose stack     at Signal.wrap.onsignal (internal/process.js:199:44)
13 verbose cwd D:\web\express
14 error Windows_NT 10.0.14393
15 error argv "D:\\tools\\node\\node.exe" "D:\\tools\\node\\node_modules\\npm\\bin\\npm-cli.js" "start"
16 error node v6.9.2
17 error npm  v3.10.9
18 error code ENOSYS
19 error errno ENOSYS
20 error syscall kill
21 error kill ENOSYS
22 error If you need help, you may report this error at:
22 error     <https://github.com/npm/npm/issues>
23 verbose exit [ 1, true ]
